 ----- 2023-06-19 01:53:20 TAX ------ 
tax::__set_state(array(
   'position' => NULL,
   'url_data' => 
  array (
  ),
   'sql_limit' => NULL,
   '_AdminHandler' => NULL,
   'sql_search' => NULL,
   '_table' => 'xt_tax_rates',
   '_table_lang' => NULL,
   '_table_seo' => NULL,
   '_master_key' => 'tax_rates_id',
   'country_code' => 'DE',
   'zone_id' => 31,
   'zone_id_digital' => 31,
   'data' => 
  array (
    1 => 19.0,
    2 => 7.0,
    3 => 19.0,
  ),
))

 ----- 2023-06-19 01:53:20 CURRENCY ------ 
currency::__set_state(array(
   'position' => NULL,
   'url_data' => 
  array (
  ),
   'sql_limit' => NULL,
   '_AdminHandler' => NULL,
   'sql_search' => NULL,
   'default_currency' => 'EUR',
   '_table' => 'xt_currencies',
   '_table_lang' => NULL,
   '_table_seo' => NULL,
   '_master_key' => 'currencies_id',
   'perm_array' => 
  array (
    'shop_perm' => 
    array (
      'type' => 'shop',
      'key' => 'currencies_id',
      'value_type' => 'currency',
      'pref' => 'c',
    ),
  ),
   'permission' => 
  item_permission::__set_state(array(
     '_data' => 
    array (
    ),
     '_table' => NULL,
     '_where' => NULL,
  )),
   'currencies_id' => 1,
   'title' => 'EUR',
   'code' => 'EUR',
   'prefix' => 'EUR',
   'suffix' => '',
   'dec_point' => ',',
   'thousands_sep' => '.',
   'decimals' => 2,
   'value_multiplicator' => 1.0,
   'last_updated' => NULL,
))

 ----- 2023-06-19 01:53:20 Page ------ 
page::__set_state(array(
   'default_page' => 'index',
   'loaded_page' => 'xtCore/pages/index.php',
   'page_name' => 'index',
   'page_action' => '',
))

 ----- 2023-06-19 01:53:20 GET ------ 


 ----- 2023-06-19 01:53:20 POST ------ 


 ----- 2023-06-19 01:53:20 SESSION ------ 
array (
  '_USE_CACHE_COUNTRIES' => false,
  '_USE_CACHE_LANGUAGE_CONTENT' => false,
  'customer' => 
  customer::__set_state(array(
     'customers_id' => 0,
     'customers_status' => '1',
     'customer_info' => 
    array (
      'account_type' => 0,
    ),
     'customer_default_address' => 
    array (
    ),
     'customer_shipping_address' => 
    array (
    ),
     'customer_payment_address' => 
    array (
    ),
     'error' => false,
     '_master_key' => 'customers_id',
     '_master_key_add' => 'address_book_id',
     '_table' => 'xt_customers',
     '_table_add' => 'xt_customers_addresses',
     'password_special_signs' => 3,
     'master_id' => 'customers_id',
  )),
  'geoip_country' => 'DE',
  'selected_currency' => 'EUR',
  'selected_language' => 'de',
  'customer_group_discount' => 0,
  'cart' => 
  cart::__set_state(array(
     'show_content' => 
    array (
    ),
     'show_sub_content' => 
    array (
    ),
     'content' => 
    array (
    ),
     'content_total' => 
    array (
      'formated' => '<span class="price-tag">EUR  0,00</span>',
      'plain' => 0.0,
      'plain_otax' => 0.0,
      'data' => 
      array (
        'PRICE' => 
        array (
          'formated' => 'EUR  0,00',
          'plain' => 0.0,
        ),
        'PRICE_OTAX' => 
        array (
          'formated' => 'EUR  0,00',
          'plain' => 0.0,
          'date_available' => '',
          'date_expired' => '',
        ),
      ),
    ),
     'content_tax' => 
    array (
    ),
     'content_count' => 0,
     'content_weight' => 0,
     'sub_content' => 
    array (
    ),
     'sub_content_total' => 
    array (
      'formated' => '<span class="price-tag">EUR  0,00</span>',
      'plain' => 0.0,
      'plain_otax' => 0.0,
      'data' => 
      array (
        'PRICE' => 
        array (
          'formated' => 'EUR  0,00',
          'plain' => 0.0,
        ),
        'PRICE_OTAX' => 
        array (
          'formated' => 'EUR  0,00',
          'plain' => 0.0,
          'date_available' => '',
          'date_expired' => '',
        ),
      ),
    ),
     'sub_content_tax' => 
    array (
    ),
     'sub_content_count' => 0,
     'sub_content_weight' => 0,
     'type' => '',
     'total' => 
    array (
      'formated' => '<span class="price-tag">EUR  0,00</span>',
      'plain' => 0.0,
      'plain_otax' => 0.0,
      'data' => 
      array (
        'PRICE' => 
        array (
          'formated' => 'EUR  0,00',
          'plain' => 0.0,
        ),
        'PRICE_OTAX' => 
        array (
          'formated' => 'EUR  0,00',
          'plain' => 0.0,
          'date_available' => '',
          'date_expired' => '',
        ),
      ),
    ),
     'tax' => 
    array (
    ),
     'weight' => 0,
     'total_discount' => 0,
     'cart_total_full_for_customers_discount' => 0,
     'discount' => 'false',
     'cart_total_full' => 0,
     'content_total_physical' => 
    array (
      'formated' => '<span class="price-tag">EUR  0,00</span>',
      'plain' => 0.0,
      'plain_otax' => 0.0,
      'data' => 
      array (
        'PRICE' => 
        array (
          'formated' => 'EUR  0,00',
          'plain' => 0.0,
        ),
        'PRICE_OTAX' => 
        array (
          'formated' => 'EUR  0,00',
          'plain' => 0.0,
          'date_available' => '',
          'date_expired' => '',
        ),
      ),
    ),
     'content_weight_physical' => 0,
     'total_physical' => 
    array (
      'formated' => '<span class="price-tag">EUR  0,00</span>',
      'plain' => 0.0,
      'plain_otax' => 0.0,
      'data' => 
      array (
        'PRICE' => 
        array (
          'formated' => 'EUR  0,00',
          'plain' => 0.0,
        ),
        'PRICE_OTAX' => 
        array (
          'formated' => 'EUR  0,00',
          'plain' => 0.0,
          'date_available' => '',
          'date_expired' => '',
        ),
      ),
    ),
  )),
  'pp-access-token' => 
  array (
    1 => 'credentials_not_found_check_backend',
  ),
  'ppcp_activated_payments' => 
  array (
    0 => 'xt_prepayment',
  ),
  'pp-client-token' => 'credentials_not_found_check_backend',
  'fraudnet_session_identifier' => '5FD776C3D46FBFACB2DF4B1AAAB149C1',
)

 ----- 2023-06-19 01:53:20 ORDER ------ 


 ----- 2023-06-19 01:53:21 TAX ------ 
tax::__set_state(array(
   'position' => NULL,
   'url_data' => 
  array (
  ),
   'sql_limit' => NULL,
   '_AdminHandler' => NULL,
   'sql_search' => NULL,
   '_table' => 'xt_tax_rates',
   '_table_lang' => NULL,
   '_table_seo' => NULL,
   '_master_key' => 'tax_rates_id',
   'country_code' => 'DE',
   'zone_id' => 31,
   'zone_id_digital' => 31,
   'data' => 
  array (
    1 => 19.0,
    2 => 7.0,
    3 => 19.0,
  ),
))

 ----- 2023-06-19 01:53:21 CURRENCY ------ 
currency::__set_state(array(
   'position' => NULL,
   'url_data' => 
  array (
  ),
   'sql_limit' => NULL,
   '_AdminHandler' => NULL,
   'sql_search' => NULL,
   'default_currency' => 'EUR',
   '_table' => 'xt_currencies',
   '_table_lang' => NULL,
   '_table_seo' => NULL,
   '_master_key' => 'currencies_id',
   'perm_array' => 
  array (
    'shop_perm' => 
    array (
      'type' => 'shop',
      'key' => 'currencies_id',
      'value_type' => 'currency',
      'pref' => 'c',
    ),
  ),
   'permission' => 
  item_permission::__set_state(array(
     '_data' => 
    array (
    ),
     '_table' => NULL,
     '_where' => NULL,
  )),
   'currencies_id' => 1,
   'title' => 'EUR',
   'code' => 'EUR',
   'prefix' => 'EUR',
   'suffix' => '',
   'dec_point' => ',',
   'thousands_sep' => '.',
   'decimals' => 2,
   'value_multiplicator' => 1.0,
   'last_updated' => NULL,
))

 ----- 2023-06-19 01:53:21 Page ------ 
page::__set_state(array(
   'default_page' => 'index',
   'loaded_page' => 'xtCore/pages/index.php',
   'page_name' => 'index',
   'page_action' => '',
))

 ----- 2023-06-19 01:53:21 GET ------ 


 ----- 2023-06-19 01:53:21 POST ------ 


 ----- 2023-06-19 01:53:21 SESSION ------ 
array (
  '_USE_CACHE_COUNTRIES' => false,
  '_USE_CACHE_LANGUAGE_CONTENT' => false,
  'customer' => 
  customer::__set_state(array(
     'customers_id' => 0,
     'customers_status' => '1',
     'customer_info' => 
    array (
      'account_type' => 0,
    ),
     'customer_default_address' => 
    array (
    ),
     'customer_shipping_address' => 
    array (
    ),
     'customer_payment_address' => 
    array (
    ),
     'error' => false,
     '_master_key' => 'customers_id',
     '_master_key_add' => 'address_book_id',
     '_table' => 'xt_customers',
     '_table_add' => 'xt_customers_addresses',
     'password_special_signs' => 3,
     'master_id' => 'customers_id',
  )),
  'geoip_country' => 'DE',
  'selected_currency' => 'EUR',
  'selected_language' => 'de',
  'customer_group_discount' => 0,
  'cart' => 
  cart::__set_state(array(
     'show_content' => 
    array (
    ),
     'show_sub_content' => 
    array (
    ),
     'content' => 
    array (
    ),
     'content_total' => 
    array (
      'formated' => '<span class="price-tag">EUR  0,00</span>',
      'plain' => 0.0,
      'plain_otax' => 0.0,
      'data' => 
      array (
        'PRICE' => 
        array (
          'formated' => 'EUR  0,00',
          'plain' => 0.0,
        ),
        'PRICE_OTAX' => 
        array (
          'formated' => 'EUR  0,00',
          'plain' => 0.0,
          'date_available' => '',
          'date_expired' => '',
        ),
      ),
    ),
     'content_tax' => 
    array (
    ),
     'content_count' => 0,
     'content_weight' => 0,
     'sub_content' => 
    array (
    ),
     'sub_content_total' => 
    array (
      'formated' => '<span class="price-tag">EUR  0,00</span>',
      'plain' => 0.0,
      'plain_otax' => 0.0,
      'data' => 
      array (
        'PRICE' => 
        array (
          'formated' => 'EUR  0,00',
          'plain' => 0.0,
        ),
        'PRICE_OTAX' => 
        array (
          'formated' => 'EUR  0,00',
          'plain' => 0.0,
          'date_available' => '',
          'date_expired' => '',
        ),
      ),
    ),
     'sub_content_tax' => 
    array (
    ),
     'sub_content_count' => 0,
     'sub_content_weight' => 0,
     'type' => '',
     'total' => 
    array (
      'formated' => '<span class="price-tag">EUR  0,00</span>',
      'plain' => 0.0,
      'plain_otax' => 0.0,
      'data' => 
      array (
        'PRICE' => 
        array (
          'formated' => 'EUR  0,00',
          'plain' => 0.0,
        ),
        'PRICE_OTAX' => 
        array (
          'formated' => 'EUR  0,00',
          'plain' => 0.0,
          'date_available' => '',
          'date_expired' => '',
        ),
      ),
    ),
     'tax' => 
    array (
    ),
     'weight' => 0,
     'total_discount' => 0,
     'cart_total_full_for_customers_discount' => 0,
     'discount' => 'false',
     'cart_total_full' => 0,
     'content_total_physical' => 
    array (
      'formated' => '<span class="price-tag">EUR  0,00</span>',
      'plain' => 0.0,
      'plain_otax' => 0.0,
      'data' => 
      array (
        'PRICE' => 
        array (
          'formated' => 'EUR  0,00',
          'plain' => 0.0,
        ),
        'PRICE_OTAX' => 
        array (
          'formated' => 'EUR  0,00',
          'plain' => 0.0,
          'date_available' => '',
          'date_expired' => '',
        ),
      ),
    ),
     'content_weight_physical' => 0,
     'total_physical' => 
    array (
      'formated' => '<span class="price-tag">EUR  0,00</span>',
      'plain' => 0.0,
      'plain_otax' => 0.0,
      'data' => 
      array (
        'PRICE' => 
        array (
          'formated' => 'EUR  0,00',
          'plain' => 0.0,
        ),
        'PRICE_OTAX' => 
        array (
          'formated' => 'EUR  0,00',
          'plain' => 0.0,
          'date_available' => '',
          'date_expired' => '',
        ),
      ),
    ),
  )),
  'pp-access-token' => 
  array (
    1 => 'credentials_not_found_check_backend',
  ),
  'ppcp_activated_payments' => 
  array (
    0 => 'xt_prepayment',
  ),
  'pp-client-token' => 'credentials_not_found_check_backend',
  'fraudnet_session_identifier' => 'AA7F76AE269C1215A94BCC66864B29EE',
)

 ----- 2023-06-19 01:53:21 ORDER ------ 


 ----- 2023-06-19 01:54:36 TAX ------ 
tax::__set_state(array(
   'position' => NULL,
   'url_data' => 
  array (
  ),
   'sql_limit' => NULL,
   '_AdminHandler' => NULL,
   'sql_search' => NULL,
   '_table' => 'xt_tax_rates',
   '_table_lang' => NULL,
   '_table_seo' => NULL,
   '_master_key' => 'tax_rates_id',
   'country_code' => 'DE',
   'zone_id' => 31,
   'zone_id_digital' => 31,
   'data' => 
  array (
    1 => 19.0,
    2 => 7.0,
    3 => 19.0,
  ),
))

 ----- 2023-06-19 01:54:36 CURRENCY ------ 
currency::__set_state(array(
   'position' => NULL,
   'url_data' => 
  array (
  ),
   'sql_limit' => NULL,
   '_AdminHandler' => NULL,
   'sql_search' => NULL,
   'default_currency' => 'EUR',
   '_table' => 'xt_currencies',
   '_table_lang' => NULL,
   '_table_seo' => NULL,
   '_master_key' => 'currencies_id',
   'perm_array' => 
  array (
    'shop_perm' => 
    array (
      'type' => 'shop',
      'key' => 'currencies_id',
      'value_type' => 'currency',
      'pref' => 'c',
    ),
  ),
   'permission' => 
  item_permission::__set_state(array(
     '_data' => 
    array (
    ),
     '_table' => NULL,
     '_where' => NULL,
  )),
   'currencies_id' => 1,
   'title' => 'EUR',
   'code' => 'EUR',
   'prefix' => 'EUR',
   'suffix' => '',
   'dec_point' => ',',
   'thousands_sep' => '.',
   'decimals' => 2,
   'value_multiplicator' => 1.0,
   'last_updated' => NULL,
))

 ----- 2023-06-19 01:54:36 Page ------ 
page::__set_state(array(
   'default_page' => 'index',
   'loaded_page' => 'xtCore/pages/index.php',
   'page_name' => 'index',
   'page_action' => '',
))

 ----- 2023-06-19 01:54:36 GET ------ 


 ----- 2023-06-19 01:54:36 POST ------ 


 ----- 2023-06-19 01:54:36 SESSION ------ 
array (
  '_cookie_consent' => '1',
  '_USE_CACHE_COUNTRIES' => false,
  '_USE_CACHE_LANGUAGE_CONTENT' => false,
  'customer' => 
  customer::__set_state(array(
     'customers_id' => 0,
     'customers_status' => '1',
     'customer_info' => 
    array (
      'account_type' => 0,
    ),
     'customer_default_address' => 
    array (
    ),
     'customer_shipping_address' => 
    array (
    ),
     'customer_payment_address' => 
    array (
    ),
     'error' => false,
     '_master_key' => 'customers_id',
     '_master_key_add' => 'address_book_id',
     '_table' => 'xt_customers',
     '_table_add' => 'xt_customers_addresses',
     'password_special_signs' => 3,
     'master_id' => 'customers_id',
  )),
  'geoip_country' => 'DE',
  'selected_currency' => 'EUR',
  'selected_language' => 'de',
  'customer_group_discount' => 0,
  'cart' => 
  cart::__set_state(array(
     'show_content' => 
    array (
    ),
     'show_sub_content' => 
    array (
    ),
     'content' => 
    array (
    ),
     'content_total' => 
    array (
      'formated' => '<span class="price-tag">EUR  0,00</span>',
      'plain' => 0.0,
      'plain_otax' => 0.0,
      'data' => 
      array (
        'PRICE' => 
        array (
          'formated' => 'EUR  0,00',
          'plain' => 0.0,
        ),
        'PRICE_OTAX' => 
        array (
          'formated' => 'EUR  0,00',
          'plain' => 0.0,
          'date_available' => '',
          'date_expired' => '',
        ),
      ),
    ),
     'content_tax' => 
    array (
    ),
     'content_count' => 0,
     'content_weight' => 0,
     'sub_content' => 
    array (
    ),
     'sub_content_total' => 
    array (
      'formated' => '<span class="price-tag">EUR  0,00</span>',
      'plain' => 0.0,
      'plain_otax' => 0.0,
      'data' => 
      array (
        'PRICE' => 
        array (
          'formated' => 'EUR  0,00',
          'plain' => 0.0,
        ),
        'PRICE_OTAX' => 
        array (
          'formated' => 'EUR  0,00',
          'plain' => 0.0,
          'date_available' => '',
          'date_expired' => '',
        ),
      ),
    ),
     'sub_content_tax' => 
    array (
    ),
     'sub_content_count' => 0,
     'sub_content_weight' => 0,
     'type' => '',
     'total' => 
    array (
      'formated' => '<span class="price-tag">EUR  0,00</span>',
      'plain' => 0.0,
      'plain_otax' => 0.0,
      'data' => 
      array (
        'PRICE' => 
        array (
          'formated' => 'EUR  0,00',
          'plain' => 0.0,
        ),
        'PRICE_OTAX' => 
        array (
          'formated' => 'EUR  0,00',
          'plain' => 0.0,
          'date_available' => '',
          'date_expired' => '',
        ),
      ),
    ),
     'tax' => 
    array (
    ),
     'weight' => 0,
     'total_discount' => 0,
     'cart_total_full_for_customers_discount' => 0,
     'discount' => 'false',
     'cart_total_full' => 0,
     'content_total_physical' => 
    array (
      'formated' => '<span class="price-tag">EUR  0,00</span>',
      'plain' => 0.0,
      'plain_otax' => 0.0,
      'data' => 
      array (
        'PRICE' => 
        array (
          'formated' => 'EUR  0,00',
          'plain' => 0.0,
        ),
        'PRICE_OTAX' => 
        array (
          'formated' => 'EUR  0,00',
          'plain' => 0.0,
          'date_available' => '',
          'date_expired' => '',
        ),
      ),
    ),
     'content_weight_physical' => 0,
     'total_physical' => 
    array (
      'formated' => '<span class="price-tag">EUR  0,00</span>',
      'plain' => 0.0,
      'plain_otax' => 0.0,
      'data' => 
      array (
        'PRICE' => 
        array (
          'formated' => 'EUR  0,00',
          'plain' => 0.0,
        ),
        'PRICE_OTAX' => 
        array (
          'formated' => 'EUR  0,00',
          'plain' => 0.0,
          'date_available' => '',
          'date_expired' => '',
        ),
      ),
    ),
  )),
  'cron_cleanup' => 1687175673,
  'WizardLang' => 'de',
  'WizardType' => 2,
  'ControllerCommandResults' => 
  array (
  ),
  'pp-access-token' => 
  array (
    1 => 'credentials_not_found_check_backend',
  ),
  'ppcp_activated_payments' => 
  array (
    0 => 'xt_prepayment',
  ),
  'pp-client-token' => 'credentials_not_found_check_backend',
  'fraudnet_session_identifier' => '62A5ABE528C03D0C2389D5AE5A08F53A',
)

 ----- 2023-06-19 01:54:36 ORDER ------ 


 ----- 2023-06-19 01:55:05 TAX ------ 
tax::__set_state(array(
   'position' => NULL,
   'url_data' => 
  array (
  ),
   'sql_limit' => NULL,
   '_AdminHandler' => NULL,
   'sql_search' => NULL,
   '_table' => 'xt_tax_rates',
   '_table_lang' => NULL,
   '_table_seo' => NULL,
   '_master_key' => 'tax_rates_id',
   'country_code' => 'DE',
   'zone_id' => 31,
   'zone_id_digital' => 31,
   'data' => 
  array (
    1 => 19.0,
    2 => 7.0,
    3 => 19.0,
  ),
))

 ----- 2023-06-19 01:55:05 CURRENCY ------ 
currency::__set_state(array(
   'position' => NULL,
   'url_data' => 
  array (
  ),
   'sql_limit' => NULL,
   '_AdminHandler' => NULL,
   'sql_search' => NULL,
   'default_currency' => 'EUR',
   '_table' => 'xt_currencies',
   '_table_lang' => NULL,
   '_table_seo' => NULL,
   '_master_key' => 'currencies_id',
   'perm_array' => 
  array (
    'shop_perm' => 
    array (
      'type' => 'shop',
      'key' => 'currencies_id',
      'value_type' => 'currency',
      'pref' => 'c',
    ),
  ),
   'permission' => 
  item_permission::__set_state(array(
     '_data' => 
    array (
    ),
     '_table' => NULL,
     '_where' => NULL,
  )),
   'currencies_id' => 1,
   'title' => 'EUR',
   'code' => 'EUR',
   'prefix' => 'EUR',
   'suffix' => '',
   'dec_point' => ',',
   'thousands_sep' => '.',
   'decimals' => 2,
   'value_multiplicator' => 1.0,
   'last_updated' => NULL,
))

 ----- 2023-06-19 01:55:05 Page ------ 
page::__set_state(array(
   'default_page' => 'index',
   'loaded_page' => 'xtCore/pages/index.php',
   'page_name' => 'index',
   'page_action' => '',
))

 ----- 2023-06-19 01:55:05 GET ------ 


 ----- 2023-06-19 01:55:05 POST ------ 


 ----- 2023-06-19 01:55:05 SESSION ------ 
array (
  '_cookie_consent' => '1',
  '_USE_CACHE_COUNTRIES' => false,
  '_USE_CACHE_LANGUAGE_CONTENT' => false,
  'customer' => 
  customer::__set_state(array(
     'customers_id' => 0,
     'customers_status' => '1',
     'customer_info' => 
    array (
      'account_type' => 0,
    ),
     'customer_default_address' => 
    array (
    ),
     'customer_shipping_address' => 
    array (
    ),
     'customer_payment_address' => 
    array (
    ),
     'error' => false,
     '_master_key' => 'customers_id',
     '_master_key_add' => 'address_book_id',
     '_table' => 'xt_customers',
     '_table_add' => 'xt_customers_addresses',
     'password_special_signs' => 3,
     'master_id' => 'customers_id',
  )),
  'geoip_country' => 'DE',
  'selected_currency' => 'EUR',
  'selected_language' => 'de',
  'customer_group_discount' => 0,
  'cart' => 
  cart::__set_state(array(
     'show_content' => 
    array (
    ),
     'show_sub_content' => 
    array (
    ),
     'content' => 
    array (
    ),
     'content_total' => 
    array (
      'formated' => '<span class="price-tag">EUR  0,00</span>',
      'plain' => 0.0,
      'plain_otax' => 0.0,
      'data' => 
      array (
        'PRICE' => 
        array (
          'formated' => 'EUR  0,00',
          'plain' => 0.0,
        ),
        'PRICE_OTAX' => 
        array (
          'formated' => 'EUR  0,00',
          'plain' => 0.0,
          'date_available' => '',
          'date_expired' => '',
        ),
      ),
    ),
     'content_tax' => 
    array (
    ),
     'content_count' => 0,
     'content_weight' => 0,
     'sub_content' => 
    array (
    ),
     'sub_content_total' => 
    array (
      'formated' => '<span class="price-tag">EUR  0,00</span>',
      'plain' => 0.0,
      'plain_otax' => 0.0,
      'data' => 
      array (
        'PRICE' => 
        array (
          'formated' => 'EUR  0,00',
          'plain' => 0.0,
        ),
        'PRICE_OTAX' => 
        array (
          'formated' => 'EUR  0,00',
          'plain' => 0.0,
          'date_available' => '',
          'date_expired' => '',
        ),
      ),
    ),
     'sub_content_tax' => 
    array (
    ),
     'sub_content_count' => 0,
     'sub_content_weight' => 0,
     'type' => '',
     'total' => 
    array (
      'formated' => '<span class="price-tag">EUR  0,00</span>',
      'plain' => 0.0,
      'plain_otax' => 0.0,
      'data' => 
      array (
        'PRICE' => 
        array (
          'formated' => 'EUR  0,00',
          'plain' => 0.0,
        ),
        'PRICE_OTAX' => 
        array (
          'formated' => 'EUR  0,00',
          'plain' => 0.0,
          'date_available' => '',
          'date_expired' => '',
        ),
      ),
    ),
     'tax' => 
    array (
    ),
     'weight' => 0,
     'total_discount' => 0,
     'cart_total_full_for_customers_discount' => 0,
     'discount' => 'false',
     'cart_total_full' => 0,
     'content_total_physical' => 
    array (
      'formated' => '<span class="price-tag">EUR  0,00</span>',
      'plain' => 0.0,
      'plain_otax' => 0.0,
      'data' => 
      array (
        'PRICE' => 
        array (
          'formated' => 'EUR  0,00',
          'plain' => 0.0,
        ),
        'PRICE_OTAX' => 
        array (
          'formated' => 'EUR  0,00',
          'plain' => 0.0,
          'date_available' => '',
          'date_expired' => '',
        ),
      ),
    ),
     'content_weight_physical' => 0,
     'total_physical' => 
    array (
      'formated' => '<span class="price-tag">EUR  0,00</span>',
      'plain' => 0.0,
      'plain_otax' => 0.0,
      'data' => 
      array (
        'PRICE' => 
        array (
          'formated' => 'EUR  0,00',
          'plain' => 0.0,
        ),
        'PRICE_OTAX' => 
        array (
          'formated' => 'EUR  0,00',
          'plain' => 0.0,
          'date_available' => '',
          'date_expired' => '',
        ),
      ),
    ),
  )),
  'cron_cleanup' => 1687175673,
  'WizardLang' => 'de',
  'WizardType' => 2,
  'ControllerCommandResults' => 
  array (
  ),
  'pp-access-token' => 
  array (
    1 => 'credentials_not_found_check_backend',
  ),
  'ppcp_activated_payments' => 
  array (
    0 => 'xt_prepayment',
  ),
  'pp-client-token' => 'credentials_not_found_check_backend',
  'fraudnet_session_identifier' => '62A5ABE528C03D0C2389D5AE5A08F53A',
)

 ----- 2023-06-19 01:55:05 ORDER ------ 


 ----- 2023-06-19 01:59:05 TAX ------ 
tax::__set_state(array(
   'position' => NULL,
   'url_data' => 
  array (
  ),
   'sql_limit' => NULL,
   '_AdminHandler' => NULL,
   'sql_search' => NULL,
   '_table' => 'xt_tax_rates',
   '_table_lang' => NULL,
   '_table_seo' => NULL,
   '_master_key' => 'tax_rates_id',
   'country_code' => 'DE',
   'zone_id' => 31,
   'zone_id_digital' => 31,
   'data' => 
  array (
    1 => 19.0,
    2 => 7.0,
    3 => 19.0,
  ),
))

 ----- 2023-06-19 01:59:05 CURRENCY ------ 
currency::__set_state(array(
   'position' => NULL,
   'url_data' => 
  array (
  ),
   'sql_limit' => NULL,
   '_AdminHandler' => NULL,
   'sql_search' => NULL,
   'default_currency' => 'EUR',
   '_table' => 'xt_currencies',
   '_table_lang' => NULL,
   '_table_seo' => NULL,
   '_master_key' => 'currencies_id',
   'perm_array' => 
  array (
    'shop_perm' => 
    array (
      'type' => 'shop',
      'key' => 'currencies_id',
      'value_type' => 'currency',
      'pref' => 'c',
    ),
  ),
   'permission' => 
  item_permission::__set_state(array(
     '_data' => 
    array (
    ),
     '_table' => NULL,
     '_where' => NULL,
  )),
   'currencies_id' => 1,
   'title' => 'EUR',
   'code' => 'EUR',
   'prefix' => 'EUR',
   'suffix' => '',
   'dec_point' => ',',
   'thousands_sep' => '.',
   'decimals' => 2,
   'value_multiplicator' => 1.0,
   'last_updated' => NULL,
))

 ----- 2023-06-19 01:59:05 Page ------ 
page::__set_state(array(
   'default_page' => 'index',
   'loaded_page' => 'xtCore/pages/index.php',
   'page_name' => 'index',
   'page_action' => '',
))

 ----- 2023-06-19 01:59:05 GET ------ 


 ----- 2023-06-19 01:59:05 POST ------ 


 ----- 2023-06-19 01:59:05 SESSION ------ 
array (
  '_cookie_consent' => '1',
  '_USE_CACHE_COUNTRIES' => false,
  '_USE_CACHE_LANGUAGE_CONTENT' => false,
  'customer' => 
  customer::__set_state(array(
     'customers_id' => 0,
     'customers_status' => '1',
     'customer_info' => 
    array (
      'account_type' => 0,
    ),
     'customer_default_address' => 
    array (
    ),
     'customer_shipping_address' => 
    array (
    ),
     'customer_payment_address' => 
    array (
    ),
     'error' => false,
     '_master_key' => 'customers_id',
     '_master_key_add' => 'address_book_id',
     '_table' => 'xt_customers',
     '_table_add' => 'xt_customers_addresses',
     'password_special_signs' => 3,
     'master_id' => 'customers_id',
  )),
  'geoip_country' => 'DE',
  'selected_currency' => 'EUR',
  'selected_language' => 'de',
  'customer_group_discount' => 0,
  'cart' => 
  cart::__set_state(array(
     'show_content' => 
    array (
    ),
     'show_sub_content' => 
    array (
    ),
     'content' => 
    array (
    ),
     'content_total' => 
    array (
      'formated' => '<span class="price-tag">EUR  0,00</span>',
      'plain' => 0.0,
      'plain_otax' => 0.0,
      'data' => 
      array (
        'PRICE' => 
        array (
          'formated' => 'EUR  0,00',
          'plain' => 0.0,
        ),
        'PRICE_OTAX' => 
        array (
          'formated' => 'EUR  0,00',
          'plain' => 0.0,
          'date_available' => '',
          'date_expired' => '',
        ),
      ),
    ),
     'content_tax' => 
    array (
    ),
     'content_count' => 0,
     'content_weight' => 0,
     'sub_content' => 
    array (
    ),
     'sub_content_total' => 
    array (
      'formated' => '<span class="price-tag">EUR  0,00</span>',
      'plain' => 0.0,
      'plain_otax' => 0.0,
      'data' => 
      array (
        'PRICE' => 
        array (
          'formated' => 'EUR  0,00',
          'plain' => 0.0,
        ),
        'PRICE_OTAX' => 
        array (
          'formated' => 'EUR  0,00',
          'plain' => 0.0,
          'date_available' => '',
          'date_expired' => '',
        ),
      ),
    ),
     'sub_content_tax' => 
    array (
    ),
     'sub_content_count' => 0,
     'sub_content_weight' => 0,
     'type' => '',
     'total' => 
    array (
      'formated' => '<span class="price-tag">EUR  0,00</span>',
      'plain' => 0.0,
      'plain_otax' => 0.0,
      'data' => 
      array (
        'PRICE' => 
        array (
          'formated' => 'EUR  0,00',
          'plain' => 0.0,
        ),
        'PRICE_OTAX' => 
        array (
          'formated' => 'EUR  0,00',
          'plain' => 0.0,
          'date_available' => '',
          'date_expired' => '',
        ),
      ),
    ),
     'tax' => 
    array (
    ),
     'weight' => 0,
     'total_discount' => 0,
     'cart_total_full_for_customers_discount' => 0,
     'discount' => 'false',
     'cart_total_full' => 0,
     'content_total_physical' => 
    array (
      'formated' => '<span class="price-tag">EUR  0,00</span>',
      'plain' => 0.0,
      'plain_otax' => 0.0,
      'data' => 
      array (
        'PRICE' => 
        array (
          'formated' => 'EUR  0,00',
          'plain' => 0.0,
        ),
        'PRICE_OTAX' => 
        array (
          'formated' => 'EUR  0,00',
          'plain' => 0.0,
          'date_available' => '',
          'date_expired' => '',
        ),
      ),
    ),
     'content_weight_physical' => 0,
     'total_physical' => 
    array (
      'formated' => '<span class="price-tag">EUR  0,00</span>',
      'plain' => 0.0,
      'plain_otax' => 0.0,
      'data' => 
      array (
        'PRICE' => 
        array (
          'formated' => 'EUR  0,00',
          'plain' => 0.0,
        ),
        'PRICE_OTAX' => 
        array (
          'formated' => 'EUR  0,00',
          'plain' => 0.0,
          'date_available' => '',
          'date_expired' => '',
        ),
      ),
    ),
  )),
  'cron_cleanup' => 1687175913,
  'WizardLang' => 'de',
  'WizardType' => 2,
  'ControllerCommandResults' => 
  array (
  ),
  'pp-access-token' => 
  array (
    1 => 'credentials_not_found_check_backend',
  ),
  'ppcp_activated_payments' => 
  array (
    0 => 'xt_prepayment',
  ),
  'pp-client-token' => 'credentials_not_found_check_backend',
  'fraudnet_session_identifier' => '62A5ABE528C03D0C2389D5AE5A08F53A',
)

 ----- 2023-06-19 01:59:05 ORDER ------ 


